<?xml version="1.0" encoding="UTF-8"?>
<!-- Generated by org.testng.reporters.JUnitReportReporter -->
<testsuite skipped="0" hostname="DESKTOP-BTEHN8R" name="com.jadinec.cases.GetOrgInfoByIdTest" tests="1" failures="0" timestamp="2020-08-28T17:44:13 CST" time="1.403" errors="0">
  <testcase name="getOrgInfoByIdTest" time="1.403" classname="com.jadinec.cases.GetOrgInfoByIdTest"/>
  <system-out/>
</testsuite> <!-- com.jadinec.cases.GetOrgInfoByIdTest -->
